Start: 2022-10-5 11:59:16
File or folder does not exist
End: 2022-10-5 11:59:16
Start: 2022-10-5 13:14:13
File or folder does not exist
End: 2022-10-5 13:14:13
Start: 2022-10-5 13:25:19
File or folder does not exist
End: 2022-10-5 13:25:19
Start: 2022-10-5 13:30:3
File or folder does not exist
End: 2022-10-5 13:30:3
Start: 2022-10-5 14:38:56
File or folder does not exist
End: 2022-10-5 14:38:56
Start: 2022-10-5 14:40:31
Can't Parse Source FileFile or folder does not exist
End: 2022-10-5 14:40:31
Start: 2022-10-5 14:41:23
Can't Parse Source FileFile or folder does not exist
End: 2022-10-5 14:41:23
Start: 2022-10-5 14:42:31
D:\repo\sjcAdobeJavascripts\PhotoShop\json
Can't Parse Source FileFile or folder does not exist
End: 2022-10-5 14:42:31
Start: 2022-10-5 14:47:33
D:\repo\sjcAdobeJavascripts\PhotoShop\json
Can't Parse Source FileFile or folder does not exist
End: 2022-10-5 14:47:33
Start: 2022-10-5 14:50:18
Start: 2022-10-5 14:50:18
D:\repo\sjcAdobeJavascripts\PhotoShop\json\hotfolders.json
Can't Parse Source Fileundefined is not an object
End: 2022-10-5 14:50:31
